1513926882887	geckodriver	INFO	Listening on 127.0.0.1:55513
1513926884224	geckodriver::marionette	INFO	Starting browser /usr/lib/firefox/firefox.sh with args ["-marionette"]
1513926885693	Marionette	INFO	Enabled via --marionette
1513926888981	Marionette	INFO	Listening on port 33007
1513926889084	Marionette	WARN	TLS certificate errors will be ignored for this session
[GFX1-]: Receive IPC close with reason=AbnormalShutdown
[Child 6232, Chrome_ChildThread] WARNING: pipe error: Tubería rota: file /build/firefox-9Bp0ni/firefox-58.0~b11+build1/ipc/chromium/src/chrome/common/ipc_channel_posix.cc, line 709
1513927049553	geckodriver	INFO	Listening on 127.0.0.1:44775
1513927050633	geckodriver::marionette	INFO	Starting browser /usr/lib/firefox/firefox.sh with args ["-marionette"]
1513927051309	Marionette	INFO	Enabled via --marionette
1513927053833	Marionette	INFO	Listening on port 43623
1513927053850	Marionette	WARN	TLS certificate errors will be ignored for this session
1513927297759	geckodriver	INFO	Listening on 127.0.0.1:34479
1513927298843	geckodriver::marionette	INFO	Starting browser /usr/lib/firefox/firefox.sh with args ["-marionette"]
1513927299514	Marionette	INFO	Enabled via --marionette
1513927301669	Marionette	INFO	Listening on port 39131
1513927301791	Marionette	WARN	TLS certificate errors will be ignored for this session
JavaScript error: resource://devtools/shared/base-loader.js -> resource://devtools/server/actors/highlighters/box-model.js, line 410: TypeError: quads is undefined
JavaScript error: resource://devtools/shared/base-loader.js -> resource://devtools/server/actors/highlighters/box-model.js, line 410: TypeError: quads is undefined
JavaScript error: resource://devtools/shared/base-loader.js -> resource://devtools/server/actors/highlighters/box-model.js, line 410: TypeError: quads is undefined
JavaScript error: resource://devtools/shared/base-loader.js -> resource://devtools/server/actors/highlighters/box-model.js, line 410: TypeError: quads is undefined

(firefox:6573): Gtk-CRITICAL **: gtk_window_resize: assertion 'height > 0' failed
JavaScript error: resource://devtools/shared/base-loader.js -> resource://devtools/shared/webconsole/network-monitor.js, line 658: NS_ERROR_INVALID_CONTENT_ENCODING: Component returned failure code: 0x804b001b (NS_ERROR_INVALID_CONTENT_ENCODING) [nsIStreamListener.onDataAvailable]
ATTENTION: default value of option force_s3tc_enable overridden by environment.
[Parent 6573, Gecko_IOThread] WARNING: pipe error: Tubería rota: file /build/firefox-9Bp0ni/firefox-58.0~b11+build1/ipc/chromium/src/chrome/common/ipc_channel_posix.cc, line 709

###!!! [Parent][MessageChannel] Error: (msgtype=0x100037,name=PBackground::Msg_DispatchLocalStorageChange) Channel closing: too late to send/recv, messages will be lost


###!!! [Parent][MessageChannel] Error: (msgtype=0x100037,name=PBackground::Msg_DispatchLocalStorageChange) Channel closing: too late to send/recv, messages will be lost

[Parent 6573, Gecko_IOThread] WARNING: pipe error (88): Conexión reinicializada por la máquina remota: file /build/firefox-9Bp0ni/firefox-58.0~b11+build1/ipc/chromium/src/chrome/common/ipc_channel_posix.cc, line 353

###!!! [Parent][MessageChannel] Error: (msgtype=0x100037,name=PBackground::Msg_DispatchLocalStorageChange) Channel closing: too late to send/recv, messages will be lost


###!!! [Parent][MessageChannel] Error: (msgtype=0x100037,name=PBackground::Msg_DispatchLocalStorageChange) Channel closing: too late to send/recv, messages will be lost

JavaScript error: resource://devtools/shared/base-loader.js -> resource://devtools/shared/webconsole/network-monitor.js, line 658: NS_ERROR_INVALID_CONTENT_ENCODING: Component returned failure code: 0x804b001b (NS_ERROR_INVALID_CONTENT_ENCODING) [nsIStreamListener.onDataAvailable]
JavaScript error: resource://devtools/shared/base-loader.js -> resource://devtools/shared/webconsole/network-monitor.js, line 658: NS_ERROR_INVALID_CONTENT_ENCODING: Component returned failure code: 0x804b001b (NS_ERROR_INVALID_CONTENT_ENCODING) [nsIStreamListener.onDataAvailable]
JavaScript error: resource://devtools/shared/base-loader.js -> resource://devtools/shared/webconsole/network-monitor.js, line 658: NS_ERROR_INVALID_CONTENT_ENCODING: Component returned failure code: 0x804b001b (NS_ERROR_INVALID_CONTENT_ENCODING) [nsIStreamListener.onDataAvailable]
JavaScript error: resource://devtools/shared/base-loader.js -> resource://devtools/shared/webconsole/network-monitor.js, line 658: NS_ERROR_INVALID_CONTENT_ENCODING: Component returned failure code: 0x804b001b (NS_ERROR_INVALID_CONTENT_ENCODING) [nsIStreamListener.onDataAvailable]
JavaScript error: resource://devtools/shared/base-loader.js -> resource://devtools/shared/webconsole/network-monitor.js, line 658: NS_ERROR_INVALID_CONTENT_ENCODING: Component returned failure code: 0x804b001b (NS_ERROR_INVALID_CONTENT_ENCODING) [nsIStreamListener.onDataAvailable]
JavaScript error: resource://devtools/shared/base-loader.js -> resource://devtools/shared/webconsole/network-monitor.js, line 658: NS_ERROR_INVALID_CONTENT_ENCODING: Component returned failure code: 0x804b001b (NS_ERROR_INVALID_CONTENT_ENCODING) [nsIStreamListener.onDataAvailable]
1514057014790	geckodriver	INFO	Listening on 127.0.0.1:39851
1514057015862	geckodriver::marionette	INFO	Starting browser /usr/lib/firefox/firefox.sh with args ["-marionette"]
1514057017263	Marionette	INFO	Enabled via --marionette
1514057020062	Marionette	INFO	Listening on port 40157
1514057020086	Marionette	WARN	TLS certificate errors will be ignored for this session
JavaScript error: resource://devtools/shared/base-loader.js -> resource://devtools/server/actors/tab.js, line 1647: TypeError: can't access dead object
JavaScript error: resource://devtools/shared/base-loader.js -> resource://devtools/server/actors/tab.js, line 1647: TypeError: can't access dead object
1514065855268	geckodriver	INFO	Listening on 127.0.0.1:55761
1514065856369	geckodriver::marionette	INFO	Starting browser /usr/lib/firefox/firefox.sh with args ["-marionette"]
1514065857304	Marionette	INFO	Enabled via --marionette
1514065860382	Marionette	INFO	Listening on port 41721
1514065860390	Marionette	WARN	TLS certificate errors will be ignored for this session
1514067794514	geckodriver	INFO	Listening on 127.0.0.1:46799
1514067795620	geckodriver::marionette	INFO	Starting browser /usr/lib/firefox/firefox.sh with args ["-marionette"]
1514067796449	Marionette	INFO	Enabled via --marionette
1514067798969	Marionette	INFO	Listening on port 41801
1514067799035	Marionette	WARN	TLS certificate errors will be ignored for this session
1514067840757	geckodriver	INFO	Listening on 127.0.0.1:47191
1514067841833	geckodriver::marionette	INFO	Starting browser /usr/lib/firefox/firefox.sh with args ["-marionette"]
1514067842762	Marionette	INFO	Enabled via --marionette
1514067845434	Marionette	INFO	Listening on port 42579
1514067845458	Marionette	WARN	TLS certificate errors will be ignored for this session
[Parent 29407, Gecko_IOThread] WARNING: pipe error: Tubería rota: file /build/firefox-9Bp0ni/firefox-58.0~b11+build1/ipc/chromium/src/chrome/common/ipc_channel_posix.cc, line 709
1514073768019	geckodriver	INFO	Listening on 127.0.0.1:53179
1514073769260	geckodriver::marionette	INFO	Starting browser /usr/lib/firefox/firefox.sh with args ["-marionette"]
1514073771170	Marionette	INFO	Enabled via --marionette
1514073775144	Marionette	INFO	Listening on port 45515
1514073775262	Marionette	WARN	TLS certificate errors will be ignored for this session
1514084015937	geckodriver	INFO	Listening on 127.0.0.1:60145
1514084017014	geckodriver::marionette	INFO	Starting browser /usr/lib/firefox/firefox.sh with args ["-marionette"]
1514084017634	Marionette	INFO	Enabled via --marionette
1514084019766	Marionette	INFO	Listening on port 42491
1514084019828	Marionette	WARN	TLS certificate errors will be ignored for this session
1514084692567	geckodriver	INFO	Listening on 127.0.0.1:41333
1514084693636	geckodriver::marionette	INFO	Starting browser /usr/lib/firefox/firefox.sh with args ["-marionette"]
1514084694355	Marionette	INFO	Enabled via --marionette
1514084696710	Marionette	INFO	Listening on port 35375
1514084696752	Marionette	WARN	TLS certificate errors will be ignored for this session
JavaScript error: resource://devtools/shared/base-loader.js -> resource://devtools/client/inspector/rules/rules.js, line 384: TypeError: node.offsetParent is null
*************************
A coding exception was thrown and uncaught in a Task.

Full message: TypeError: node.offsetParent is null
Full stack: _getRuleEditorForNode@resource://devtools/shared/base-loader.js -> resource://devtools/client/inspector/rules/rules.js:384:5
getNodeInfo@resource://devtools/shared/base-loader.js -> resource://devtools/client/inspector/rules/rules.js:362:15
TooltipsOverlay.prototype._onPreviewTooltipTargetHover<@resource://devtools/shared/base-loader.js -> resource://devtools/client/inspector/shared/tooltips-overlay.js:190:20
_run@resource://devtools/shared/base-loader.js -> resource://devtools/shared/task.js:310:39
TaskImpl@resource://devtools/shared/base-loader.js -> resource://devtools/shared/task.js:272:3
asyncFunction@resource://devtools/shared/base-loader.js -> resource://devtools/shared/task.js:246:14
TooltipToggle.prototype.isValidHoverTarget<@resource://devtools/shared/base-loader.js -> resource://devtools/client/shared/widgets/tooltip/TooltipToggle.js:148:21
_run@resource://devtools/shared/base-loader.js -> resource://devtools/shared/task.js:310:39
TaskImpl@resource://devtools/shared/base-loader.js -> resource://devtools/shared/task.js:272:3
asyncFunction@resource://devtools/shared/base-loader.js -> resource://devtools/shared/task.js:246:14
_onMouseMove/this.toggleTimer<@resource://devtools/shared/base-loader.js -> resource://devtools/client/shared/widgets/tooltip/TooltipToggle.js:127:9

*************************
*************************
A coding exception was thrown and uncaught in a Task.

Full message: TypeError: node.offsetParent is null
Full stack: _getRuleEditorForNode@resource://devtools/shared/base-loader.js -> resource://devtools/client/inspector/rules/rules.js:384:5
getNodeInfo@resource://devtools/shared/base-loader.js -> resource://devtools/client/inspector/rules/rules.js:362:15
TooltipsOverlay.prototype._onPreviewTooltipTargetHover<@resource://devtools/shared/base-loader.js -> resource://devtools/client/inspector/shared/tooltips-overlay.js:190:20
_run@resource://devtools/shared/base-loader.js -> resource://devtools/shared/task.js:310:39
TaskImpl@resource://devtools/shared/base-loader.js -> resource://devtools/shared/task.js:272:3
asyncFunction@resource://devtools/shared/base-loader.js -> resource://devtools/shared/task.js:246:14
TooltipToggle.prototype.isValidHoverTarget<@resource://devtools/shared/base-loader.js -> resource://devtools/client/shared/widgets/tooltip/TooltipToggle.js:148:21
_run@resource://devtools/shared/base-loader.js -> resource://devtools/shared/task.js:310:39
TaskImpl@resource://devtools/shared/base-loader.js -> resource://devtools/shared/task.js:272:3
asyncFunction@resource://devtools/shared/base-loader.js -> resource://devtools/shared/task.js:246:14
_onMouseMove/this.toggleTimer<@resource://devtools/shared/base-loader.js -> resource://devtools/client/shared/widgets/tooltip/TooltipToggle.js:127:9

*************************
console.error: 
  isValidHoverTarget rejected with unexpected reason:
console.error: 
  Message: TypeError: node.offsetParent is null
  Stack:
    _getRuleEditorForNode@resource://devtools/shared/base-loader.js -> resource://devtools/client/inspector/rules/rules.js:384:5
getNodeInfo@resource://devtools/shared/base-loader.js -> resource://devtools/client/inspector/rules/rules.js:362:15
TooltipsOverlay.prototype._onPreviewTooltipTargetHover<@resource://devtools/shared/base-loader.js -> resource://devtools/client/inspector/shared/tooltips-overlay.js:190:20
_run@resource://devtools/shared/base-loader.js -> resource://devtools/shared/task.js:310:39
TaskImpl@resource://devtools/shared/base-loader.js -> resource://devtools/shared/task.js:272:3
asyncFunction@resource://devtools/shared/base-loader.js -> resource://devtools/shared/task.js:246:14
TooltipToggle.prototype.isValidHoverTarget<@resource://devtools/shared/base-loader.js -> resource://devtools/client/shared/widgets/tooltip/TooltipToggle.js:148:21
_run@resource://devtools/shared/base-loader.js -> resource://devtools/shared/task.js:310:39
TaskImpl@resource://devtools/shared/base-loader.js -> resource://devtools/shared/task.js:272:3
asyncFunction@resource://devtools/shared/base-loader.js -> resource://devtools/shared/task.js:246:14
_onMouseMove/this.toggleTimer<@resource://devtools/shared/base-loader.js -> resource://devtools/client/shared/widgets/tooltip/TooltipToggle.js:127:9

JavaScript error: resource://devtools/shared/base-loader.js -> resource://devtools/client/inspector/rules/rules.js, line 384: TypeError: node.offsetParent is null
JavaScript error: resource://devtools/shared/base-loader.js -> resource://devtools/client/inspector/rules/rules.js, line 384: TypeError: node.offsetParent is null
JavaScript error: resource://devtools/shared/base-loader.js -> resource://devtools/client/inspector/rules/rules.js, line 384: TypeError: node.offsetParent is null
JavaScript error: resource://devtools/shared/base-loader.js -> resource://devtools/client/inspector/rules/rules.js, line 384: TypeError: node.offsetParent is null
JavaScript error: resource://devtools/shared/base-loader.js -> resource://devtools/client/inspector/rules/rules.js, line 384: TypeError: node.offsetParent is null
JavaScript error: resource://devtools/shared/base-loader.js -> resource://devtools/client/inspector/rules/rules.js, line 384: TypeError: node.offsetParent is null
JavaScript error: resource://devtools/shared/base-loader.js -> resource://devtools/client/inspector/rules/rules.js, line 384: TypeError: node.offsetParent is null
JavaScript error: resource://devtools/shared/base-loader.js -> resource://devtools/client/inspector/rules/rules.js, line 384: TypeError: node.offsetParent is null
JavaScript error: resource://devtools/shared/base-loader.js -> resource://devtools/client/inspector/rules/rules.js, line 384: TypeError: node.offsetParent is null
JavaScript error: resource://devtools/shared/base-loader.js -> resource://devtools/client/inspector/rules/rules.js, line 384: TypeError: node.offsetParent is null
JavaScript error: resource://devtools/shared/base-loader.js -> resource://devtools/client/inspector/rules/rules.js, line 384: TypeError: node.offsetParent is null
JavaScript error: resource://devtools/shared/base-loader.js -> resource://devtools/client/inspector/rules/rules.js, line 384: TypeError: node.offsetParent is null
JavaScript error: resource://devtools/shared/base-loader.js -> resource://devtools/client/inspector/rules/rules.js, line 384: TypeError: node.offsetParent is null
JavaScript error: resource://devtools/shared/base-loader.js -> resource://devtools/client/inspector/rules/rules.js, line 384: TypeError: node.offsetParent is null
JavaScript error: resource://devtools/shared/base-loader.js -> resource://devtools/client/inspector/rules/rules.js, line 384: TypeError: node.offsetParent is null
JavaScript error: resource://devtools/shared/base-loader.js -> resource://devtools/client/inspector/rules/rules.js, line 384: TypeError: node.offsetParent is null
JavaScript error: resource://devtools/shared/base-loader.js -> resource://devtools/client/inspector/rules/rules.js, line 384: TypeError: node.offsetParent is null
JavaScript error: resource://devtools/shared/base-loader.js -> resource://devtools/client/inspector/rules/rules.js, line 384: TypeError: node.offsetParent is null
JavaScript error: resource://devtools/shared/base-loader.js -> resource://devtools/client/inspector/rules/rules.js, line 384: TypeError: node.offsetParent is null
JavaScript error: resource://devtools/shared/base-loader.js -> resource://devtools/client/inspector/rules/rules.js, line 384: TypeError: node.offsetParent is null
JavaScript error: resource://devtools/shared/base-loader.js -> resource://devtools/client/inspector/rules/rules.js, line 384: TypeError: node.offsetParent is null
JavaScript error: resource://devtools/shared/base-loader.js -> resource://devtools/client/inspector/rules/rules.js, line 384: TypeError: node.offsetParent is null
JavaScript error: resource://devtools/shared/base-loader.js -> resource://devtools/client/inspector/rules/rules.js, line 384: TypeError: node.offsetParent is null
JavaScript error: resource://devtools/shared/base-loader.js -> resource://devtools/client/inspector/rules/rules.js, line 384: TypeError: node.offsetParent is null
JavaScript error: resource://devtools/shared/base-loader.js -> resource://devtools/client/inspector/rules/rules.js, line 384: TypeError: node.offsetParent is null
JavaScript error: resource://devtools/shared/base-loader.js -> resource://devtools/client/inspector/rules/rules.js, line 384: TypeError: node.offsetParent is null
JavaScript error: resource://devtools/shared/base-loader.js -> resource://devtools/client/inspector/rules/rules.js, line 384: TypeError: node.offsetParent is null
JavaScript error: resource://devtools/shared/base-loader.js -> resource://devtools/client/inspector/rules/rules.js, line 384: TypeError: node.offsetParent is null
JavaScript error: resource://devtools/shared/base-loader.js -> resource://devtools/client/inspector/rules/rules.js, line 384: TypeError: node.offsetParent is null
JavaScript error: resource://devtools/shared/base-loader.js -> resource://devtools/client/inspector/rules/rules.js, line 384: TypeError: node.offsetParent is null
JavaScript error: resource://devtools/shared/base-loader.js -> resource://devtools/client/inspector/rules/rules.js, line 384: TypeError: node.offsetParent is null
JavaScript error: resource://devtools/shared/base-loader.js -> resource://devtools/client/inspector/rules/rules.js, line 384: TypeError: node.offsetParent is null
JavaScript error: resource://devtools/shared/base-loader.js -> resource://devtools/client/inspector/rules/rules.js, line 384: TypeError: node.offsetParent is null
JavaScript error: resource://devtools/shared/base-loader.js -> resource://devtools/client/inspector/rules/rules.js, line 384: TypeError: node.offsetParent is null
JavaScript error: resource://devtools/shared/base-loader.js -> resource://devtools/client/inspector/rules/rules.js, line 384: TypeError: node.offsetParent is null
JavaScript error: resource://devtools/shared/base-loader.js -> resource://devtools/client/inspector/rules/rules.js, line 384: TypeError: node.offsetParent is null
JavaScript error: resource://devtools/shared/base-loader.js -> resource://devtools/client/inspector/rules/rules.js, line 384: TypeError: node.offsetParent is null
JavaScript error: resource://devtools/shared/base-loader.js -> resource://devtools/client/inspector/rules/rules.js, line 384: TypeError: node.offsetParent is null
JavaScript error: resource://devtools/shared/base-loader.js -> resource://devtools/client/inspector/rules/rules.js, line 384: TypeError: node.offsetParent is null
JavaScript error: resource://devtools/shared/base-loader.js -> resource://devtools/client/inspector/rules/rules.js, line 384: TypeError: node.offsetParent is null
JavaScript error: resource://devtools/shared/base-loader.js -> resource://devtools/client/inspector/rules/rules.js, line 384: TypeError: node.offsetParent is null
JavaScript error: resource://devtools/shared/base-loader.js -> resource://devtools/client/inspector/rules/rules.js, line 384: TypeError: node.offsetParent is null
JavaScript error: resource://devtools/shared/base-loader.js -> resource://devtools/client/inspector/rules/rules.js, line 384: TypeError: node.offsetParent is null
JavaScript error: resource://devtools/shared/base-loader.js -> resource://devtools/client/inspector/rules/rules.js, line 384: TypeError: node.offsetParent is null
JavaScript error: resource://devtools/shared/base-loader.js -> resource://devtools/client/inspector/rules/rules.js, line 384: TypeError: node.offsetParent is null
JavaScript error: resource://devtools/shared/base-loader.js -> resource://devtools/client/inspector/rules/rules.js, line 384: TypeError: node.offsetParent is null
JavaScript error: resource://devtools/shared/base-loader.js -> resource://devtools/client/inspector/rules/rules.js, line 384: TypeError: node.offsetParent is null
JavaScript error: resource://devtools/shared/base-loader.js -> resource://devtools/client/inspector/rules/rules.js, line 384: TypeError: node.offsetParent is null
JavaScript error: resource://devtools/shared/base-loader.js -> resource://devtools/client/inspector/rules/rules.js, line 384: TypeError: node.offsetParent is null
JavaScript error: resource://devtools/shared/base-loader.js -> resource://devtools/client/inspector/rules/rules.js, line 384: TypeError: node.offsetParent is null
JavaScript error: resource://devtools/shared/base-loader.js -> resource://devtools/client/inspector/rules/rules.js, line 384: TypeError: node.offsetParent is null
JavaScript error: resource://devtools/shared/base-loader.js -> resource://devtools/client/inspector/rules/rules.js, line 384: TypeError: node.offsetParent is null
JavaScript error: resource://devtools/shared/base-loader.js -> resource://devtools/client/inspector/rules/rules.js, line 384: TypeError: node.offsetParent is null
JavaScript error: resource://devtools/shared/base-loader.js -> resource://devtools/client/inspector/rules/rules.js, line 384: TypeError: node.offsetParent is null
JavaScript error: resource://devtools/shared/base-loader.js -> resource://devtools/client/inspector/rules/rules.js, line 384: TypeError: node.offsetParent is null
JavaScript error: resource://devtools/shared/base-loader.js -> resource://devtools/client/inspector/rules/rules.js, line 384: TypeError: node.offsetParent is null
JavaScript error: resource://devtools/shared/base-loader.js -> resource://devtools/client/inspector/rules/rules.js, line 384: TypeError: node.offsetParent is null
JavaScript error: resource://devtools/shared/base-loader.js -> resource://devtools/client/inspector/rules/rules.js, line 384: TypeError: node.offsetParent is null
JavaScript error: resource://devtools/shared/base-loader.js -> resource://devtools/client/inspector/rules/rules.js, line 384: TypeError: node.offsetParent is null
JavaScript error: resource://devtools/shared/base-loader.js -> resource://devtools/client/inspector/rules/rules.js, line 384: TypeError: node.offsetParent is null
JavaScript error: resource://devtools/shared/base-loader.js -> resource://devtools/client/inspector/rules/rules.js, line 384: TypeError: node.offsetParent is null
JavaScript error: resource://devtools/shared/base-loader.js -> resource://devtools/client/inspector/rules/rules.js, line 384: TypeError: node.offsetParent is null
JavaScript error: resource://devtools/shared/base-loader.js -> resource://devtools/client/inspector/rules/rules.js, line 384: TypeError: node.offsetParent is null
JavaScript error: resource://devtools/shared/base-loader.js -> resource://devtools/client/inspector/rules/rules.js, line 384: TypeError: node.offsetParent is null
JavaScript error: resource://devtools/shared/base-loader.js -> resource://devtools/client/inspector/rules/rules.js, line 384: TypeError: node.offsetParent is null
JavaScript error: resource://devtools/shared/base-loader.js -> resource://devtools/client/inspector/rules/rules.js, line 384: TypeError: node.offsetParent is null
JavaScript error: resource://devtools/shared/base-loader.js -> resource://devtools/client/inspector/rules/rules.js, line 384: TypeError: node.offsetParent is null
JavaScript error: resource://devtools/shared/base-loader.js -> resource://devtools/client/inspector/rules/rules.js, line 384: TypeError: node.offsetParent is null
JavaScript error: resource://devtools/shared/base-loader.js -> resource://devtools/client/inspector/rules/rules.js, line 384: TypeError: node.offsetParent is null
JavaScript error: resource://devtools/shared/base-loader.js -> resource://devtools/client/inspector/rules/rules.js, line 384: TypeError: node.offsetParent is null
JavaScript error: resource://devtools/shared/base-loader.js -> resource://devtools/client/inspector/rules/rules.js, line 384: TypeError: node.offsetParent is null
JavaScript error: resource://devtools/shared/base-loader.js -> resource://devtools/client/inspector/rules/rules.js, line 384: TypeError: node.offsetParent is null
JavaScript error: resource://devtools/shared/base-loader.js -> resource://devtools/client/inspector/rules/rules.js, line 384: TypeError: node.offsetParent is null
JavaScript error: resource://devtools/shared/base-loader.js -> resource://devtools/client/inspector/rules/rules.js, line 384: TypeError: node.offsetParent is null
JavaScript error: resource://devtools/shared/base-loader.js -> resource://devtools/client/inspector/rules/rules.js, line 384: TypeError: node.offsetParent is null
JavaScript error: resource://devtools/shared/base-loader.js -> resource://devtools/client/inspector/rules/rules.js, line 384: TypeError: node.offsetParent is null
JavaScript error: resource://devtools/shared/base-loader.js -> resource://devtools/client/inspector/rules/rules.js, line 384: TypeError: node.offsetParent is null
JavaScript error: resource://devtools/shared/base-loader.js -> resource://devtools/client/inspector/rules/rules.js, line 384: TypeError: node.offsetParent is null
JavaScript error: resource://devtools/shared/base-loader.js -> resource://devtools/client/inspector/rules/rules.js, line 384: TypeError: node.offsetParent is null
JavaScript error: resource://devtools/shared/base-loader.js -> resource://devtools/client/inspector/rules/rules.js, line 384: TypeError: node.offsetParent is null
JavaScript error: resource://devtools/shared/base-loader.js -> resource://devtools/client/inspector/rules/rules.js, line 384: TypeError: node.offsetParent is null
JavaScript error: resource://devtools/shared/base-loader.js -> resource://devtools/client/inspector/rules/rules.js, line 384: TypeError: node.offsetParent is null
JavaScript error: resource://devtools/shared/base-loader.js -> resource://devtools/client/inspector/rules/rules.js, line 384: TypeError: node.offsetParent is null
JavaScript error: resource://devtools/shared/base-loader.js -> resource://devtools/client/inspector/rules/rules.js, line 384: TypeError: node.offsetParent is null
JavaScript error: resource://devtools/shared/base-loader.js -> resource://devtools/client/inspector/rules/rules.js, line 384: TypeError: node.offsetParent is null
JavaScript error: resource://devtools/shared/base-loader.js -> resource://devtools/client/inspector/rules/rules.js, line 384: TypeError: node.offsetParent is null
JavaScript error: resource://devtools/shared/base-loader.js -> resource://devtools/client/inspector/rules/rules.js, line 384: TypeError: node.offsetParent is null
JavaScript error: resource://devtools/shared/base-loader.js -> resource://devtools/client/inspector/rules/rules.js, line 384: TypeError: node.offsetParent is null
JavaScript error: resource://devtools/shared/base-loader.js -> resource://devtools/client/inspector/rules/rules.js, line 384: TypeError: node.offsetParent is null
JavaScript error: resource://devtools/shared/base-loader.js -> resource://devtools/client/inspector/rules/rules.js, line 384: TypeError: node.offsetParent is null
JavaScript error: resource://devtools/shared/base-loader.js -> resource://devtools/client/inspector/rules/rules.js, line 384: TypeError: node.offsetParent is null
JavaScript error: resource://devtools/shared/base-loader.js -> resource://devtools/client/inspector/rules/rules.js, line 384: TypeError: node.offsetParent is null
JavaScript error: resource://devtools/shared/base-loader.js -> resource://devtools/client/inspector/rules/rules.js, line 384: TypeError: node.offsetParent is null
JavaScript error: resource://devtools/shared/base-loader.js -> resource://devtools/client/inspector/rules/rules.js, line 384: TypeError: node.offsetParent is null
JavaScript error: resource://devtools/shared/base-loader.js -> resource://devtools/client/inspector/rules/rules.js, line 384: TypeError: node.offsetParent is null
JavaScript error: resource://devtools/shared/base-loader.js -> resource://devtools/client/inspector/rules/rules.js, line 384: TypeError: node.offsetParent is null
JavaScript error: resource://devtools/shared/base-loader.js -> resource://devtools/client/inspector/rules/rules.js, line 384: TypeError: node.offsetParent is null
JavaScript error: resource://devtools/shared/base-loader.js -> resource://devtools/client/inspector/rules/rules.js, line 384: TypeError: node.offsetParent is null
JavaScript error: resource://devtools/shared/base-loader.js -> resource://devtools/client/inspector/rules/rules.js, line 384: TypeError: node.offsetParent is null
JavaScript error: resource://devtools/shared/base-loader.js -> resource://devtools/client/inspector/rules/rules.js, line 384: TypeError: node.offsetParent is null
JavaScript error: resource://devtools/shared/base-loader.js -> resource://devtools/client/inspector/rules/rules.js, line 384: TypeError: node.offsetParent is null
JavaScript error: resource://devtools/shared/base-loader.js -> resource://devtools/client/inspector/rules/rules.js, line 384: TypeError: node.offsetParent is null
JavaScript error: resource://devtools/shared/base-loader.js -> resource://devtools/client/inspector/rules/rules.js, line 384: TypeError: node.offsetParent is null
JavaScript error: resource://devtools/shared/base-loader.js -> resource://devtools/client/inspector/rules/rules.js, line 384: TypeError: node.offsetParent is null
JavaScript error: resource://devtools/shared/base-loader.js -> resource://devtools/client/inspector/rules/rules.js, line 384: TypeError: node.offsetParent is null
JavaScript error: resource://devtools/shared/base-loader.js -> resource://devtools/client/inspector/rules/rules.js, line 384: TypeError: node.offsetParent is null
JavaScript error: resource://devtools/shared/base-loader.js -> resource://devtools/client/inspector/rules/rules.js, line 384: TypeError: node.offsetParent is null
JavaScript error: resource://devtools/shared/base-loader.js -> resource://devtools/client/inspector/rules/rules.js, line 384: TypeError: node.offsetParent is null
JavaScript error: resource://devtools/shared/base-loader.js -> resource://devtools/client/inspector/rules/rules.js, line 384: TypeError: node.offsetParent is null
JavaScript error: resource://devtools/shared/base-loader.js -> resource://devtools/client/inspector/rules/rules.js, line 384: TypeError: node.offsetParent is null
JavaScript error: resource://devtools/shared/base-loader.js -> resource://devtools/client/inspector/rules/rules.js, line 384: TypeError: node.offsetParent is null
JavaScript error: resource://devtools/shared/base-loader.js -> resource://devtools/client/inspector/rules/rules.js, line 384: TypeError: node.offsetParent is null
JavaScript error: resource://devtools/shared/base-loader.js -> resource://devtools/client/inspector/rules/rules.js, line 384: TypeError: node.offsetParent is null
JavaScript error: resource://devtools/shared/base-loader.js -> resource://devtools/client/inspector/rules/rules.js, line 384: TypeError: node.offsetParent is null
JavaScript error: resource://devtools/shared/base-loader.js -> resource://devtools/client/inspector/rules/rules.js, line 384: TypeError: node.offsetParent is null
JavaScript error: resource://devtools/shared/base-loader.js -> resource://devtools/client/inspector/rules/rules.js, line 384: TypeError: node.offsetParent is null
JavaScript error: resource://devtools/shared/base-loader.js -> resource://devtools/client/inspector/rules/rules.js, line 384: TypeError: node.offsetParent is null
JavaScript error: resource://devtools/shared/base-loader.js -> resource://devtools/client/inspector/rules/rules.js, line 384: TypeError: node.offsetParent is null
JavaScript error: resource://devtools/shared/base-loader.js -> resource://devtools/client/inspector/rules/rules.js, line 384: TypeError: node.offsetParent is null
JavaScript error: resource://devtools/shared/base-loader.js -> resource://devtools/client/inspector/rules/rules.js, line 384: TypeError: node.offsetParent is null
JavaScript error: resource://devtools/shared/base-loader.js -> resource://devtools/client/inspector/rules/rules.js, line 384: TypeError: node.offsetParent is null
JavaScript error: resource://devtools/shared/base-loader.js -> resource://devtools/client/inspector/rules/rules.js, line 384: TypeError: node.offsetParent is null
JavaScript error: resource://devtools/shared/base-loader.js -> resource://devtools/client/inspector/rules/rules.js, line 384: TypeError: node.offsetParent is null
JavaScript error: resource://devtools/shared/base-loader.js -> resource://devtools/client/inspector/rules/rules.js, line 384: TypeError: node.offsetParent is null
1514089617684	geckodriver	INFO	Listening on 127.0.0.1:38379
1514089618782	geckodriver::marionette	INFO	Starting browser /usr/lib/firefox/firefox.sh with args ["-marionette"]
1514089621451	Marionette	INFO	Enabled via --marionette
1514089624799	Marionette	INFO	Listening on port 39643
1514089624804	Marionette	WARN	TLS certificate errors will be ignored for this session
IPDL protocol error: Handler returned error code!

###!!! [Parent][DispatchAsyncMessage] Error: PLayerTransaction::Msg_ReleaseLayer Processing error: message was deserialized, but the handler returned false (indicating failure)

[Child 6984, Chrome_ChildThread] WARNING: pipe error (3): Conexión reinicializada por la máquina remota: file /build/firefox-9Bp0ni/firefox-58.0~b11+build1/ipc/chromium/src/chrome/common/ipc_channel_posix.cc, line 353
1514098412132	geckodriver	INFO	Listening on 127.0.0.1:41145
1514098413241	geckodriver::marionette	INFO	Starting browser /usr/lib/firefox/firefox.sh with args ["-marionette"]
1514098415353	Marionette	INFO	Enabled via --marionette
1514098418384	Marionette	INFO	Listening on port 40587
1514098418455	Marionette	WARN	TLS certificate errors will be ignored for this session
1514099156363	geckodriver	INFO	Listening on 127.0.0.1:35159
1514099157479	geckodriver::marionette	INFO	Starting browser /usr/lib/firefox/firefox.sh with args ["-marionette"]
1514099158277	Marionette	INFO	Enabled via --marionette
1514099160904	Marionette	INFO	Listening on port 39103
1514099160992	Marionette	WARN	TLS certificate errors will be ignored for this session
1514099329616	geckodriver	INFO	Listening on 127.0.0.1:35459
1514099330735	geckodriver::marionette	INFO	Starting browser /usr/lib/firefox/firefox.sh with args ["-marionette"]
1514099331611	Marionette	INFO	Enabled via --marionette
1514099334629	Marionette	INFO	Listening on port 39109
1514099334651	Marionette	WARN	TLS certificate errors will be ignored for this session
1514099660749	geckodriver	INFO	Listening on 127.0.0.1:36215
1514099661868	geckodriver::marionette	INFO	Starting browser /usr/lib/firefox/firefox.sh with args ["-marionette"]
1514099662697	Marionette	INFO	Enabled via --marionette
1514099665210	Marionette	INFO	Listening on port 42857
1514099665282	Marionette	WARN	TLS certificate errors will be ignored for this session
[Parent 10977, Gecko_IOThread] WARNING: pipe error (103): Conexión reinicializada por la máquina remota: file /build/firefox-9Bp0ni/firefox-58.0~b11+build1/ipc/chromium/src/chrome/common/ipc_channel_posix.cc, line 353
1514417568606	geckodriver	INFO	Listening on 127.0.0.1:48495
1514417569825	geckodriver::marionette	INFO	Starting browser /usr/lib/firefox/firefox.sh with args ["-marionette"]
1514417571402	Marionette	INFO	Enabled via --marionette
1514417576100	Marionette	INFO	Listening on port 44417
1514417576191	Marionette	WARN	TLS certificate errors will be ignored for this session
1514856751560	geckodriver	INFO	Listening on 127.0.0.1:57309
1514856752692	geckodriver::marionette	INFO	Starting browser /usr/lib/firefox/firefox.sh with args ["-marionette"]
1514856754271	Marionette	INFO	Enabled via --marionette
1514856757904	Marionette	INFO	Listening on port 40019
1514856757959	Marionette	WARN	TLS certificate errors will be ignored for this session
1514856811067	geckodriver	INFO	Listening on 127.0.0.1:58657
1514856812143	geckodriver::marionette	INFO	Starting browser /usr/lib/firefox/firefox.sh with args ["-marionette"]
1514856812845	Marionette	INFO	Enabled via --marionette
1514856815637	Marionette	INFO	Listening on port 37499
1514856815663	Marionette	WARN	TLS certificate errors will be ignored for this session
